<?xml version="1.0" encoding="UTF-8"?>
<!-- Generated by org.testng.reporters.JUnitReportReporter -->
<testsuite skipped="0" hostname="ABHOYAR-L-871" name="com.primusbank.tests.AdminLoginTest" tests="1" failures="0" timestamp="25 Jun 2019 07:07:21 GMT" time="1.739" errors="0">
  <testcase name="adminLoginTest" time="1.739" classname="com.primusbank.tests.AdminLoginTest"/>
</testsuite> <!-- com.primusbank.tests.AdminLoginTest -->
